Arguments: 
  /usr/local/bin/node /Users/gio/.npm-packages/bin/yarn add 11ty-eleventy

PATH: 
  /Library/Frameworks/Python.framework/Versions/3.5/bin:/Users/gio/.npm-packages/bin:/Users/gio/.rvm/gems/ruby-2.4.0/bin:/Users/gio/.rvm/gems/ruby-2.4.0@global/bin:/Users/gio/.rvm/rubies/ruby-2.4.0/bin:/opt/local/bin:/opt/local/sbin:/usr/local/heroku/bin:/opt/local/bin:/opt/local/sbin:/opt/local/bin:/opt/local/sbin:/usr/local/bin:/Users/gio/wine-1.6.2:/usr/local/bin:/usr/bin:/bin:/usr/sbin:/sbin:/usr/local/share/dotnet:/opt/X11/bin:/Library/Apple/usr/bin:/Library/Frameworks/Mono.framework/Versions/Current/Commands:/opt/ImageMagick/bin:/usr/local/deployd/bin:/usr/bin/git:/Users/gio/.rvm/bin

Yarn version: 
  1.21.1

Node version: 
  14.15.5

Platform: 
  darwin x64

Trace: 
  Error: https://registry.yarnpkg.com/11ty-eleventy: Not found
      at Request.params.callback [as _callback] (/Users/gio/.npm-packages/lib/node_modules/yarn/lib/cli.js:66947:18)
      at Request.self.callback (/Users/gio/.npm-packages/lib/node_modules/yarn/lib/cli.js:140665:22)
      at Request.emit (events.js:315:20)
      at Request.<anonymous> (/Users/gio/.npm-packages/lib/node_modules/yarn/lib/cli.js:141637:10)
      at Request.emit (events.js:315:20)
      at IncomingMessage.<anonymous> (/Users/gio/.npm-packages/lib/node_modules/yarn/lib/cli.js:141559:12)
      at Object.onceWrapper (events.js:421:28)
      at IncomingMessage.emit (events.js:327:22)
      at endReadableNT (internal/streams/readable.js:1327:12)
      at processTicksAndRejections (internal/process/task_queues.js:80:21)

npm manifest: 
  {
    "name": "stackblitz",
    "version": "1.0.0",
    "description": "",
    "main": "index.js",
    "dependencies": {},
    "devDependencies": {},
    "scripts": {
      "test": "echo \"Error: no test specified\" && exit 1"
    },
    "repository": {
      "type": "git",
      "url": "git+https://github.com/Pingendo/stackblitz.git"
    },
    "author": "",
    "license": "ISC",
    "bugs": {
      "url": "https://github.com/Pingendo/stackblitz/issues"
    },
    "homepage": "https://github.com/Pingendo/stackblitz#readme"
  }

yarn manifest: 
  No manifest

Lockfile: 
  No lockfile
